<?xml version="1.0" encoding="UTF-8"?>
<!-- Generated by org.testng.reporters.JUnitReportReporter -->
<testsuite skipped="0" hostname="LAPTOP-S2JMQQDQ" name="runner.TestRunner" tests="5" failures="0" timestamp="06 Aug 2019 18:46:20 GMT" time="7.709" errors="0">
  <testcase name="feature" time="0.565" classname="runner.TestRunner"/>
  <testcase name="feature" time="1.053" classname="runner.TestRunner"/>
  <testcase name="feature" time="1.309" classname="runner.TestRunner"/>
  <testcase name="feature" time="3.497" classname="runner.TestRunner"/>
  <testcase name="feature" time="1.285" classname="runner.TestRunner"/>
</testsuite> <!-- runner.TestRunner -->
