<?xml version="1.0" encoding="UTF-8"?>
<!-- Generated by org.testng.reporters.JUnitReportReporter -->
<testsuite skipped="0" hostname="LAPTOP-S2JMQQDQ" name="runner.TestRunner" tests="1" failures="0" timestamp="06 Aug 2019 15:34:17 GMT" time="9.556" errors="0">
  <testcase name="feature" time="9.556" classname="runner.TestRunner"/>
</testsuite> <!-- runner.TestRunner -->
