<?xml version="1.0" encoding="UTF-8"?>
<!-- Generated by org.testng.reporters.JUnitReportReporter -->
<testsuite skipped="0" hostname="LAPTOP-S2JMQQDQ" name="runner.TestRunner" tests="5" failures="0" timestamp="06 Aug 2019 21:46:01 GMT" time="46.539" errors="0">
  <testcase name="feature" time="2.980" classname="runner.TestRunner"/>
  <testcase name="feature" time="4.078" classname="runner.TestRunner"/>
  <testcase name="feature" time="6.953" classname="runner.TestRunner"/>
  <testcase name="feature" time="8.318" classname="runner.TestRunner"/>
  <testcase name="feature" time="24.210" classname="runner.TestRunner"/>
</testsuite> <!-- runner.TestRunner -->
